c:\users\pablo\desktop\~github\algorithms\eclipsecpp\cpp\cpp\x64\debug\vc143.pdb
c:\users\pablo\desktop\~github\algorithms\eclipsecpp\cpp\cpp\x64\debug\vc143.idb
c:\users\pablo\desktop\~github\algorithms\eclipsecpp\cpp\cpp\x64\debug\specs.obj
c:\users\pablo\desktop\~github\algorithms\eclipsecpp\cpp\cpp\x64\debug\toolsdriver.obj
c:\users\pablo\desktop\~github\algorithms\eclipsecpp\cpp\cpp\x64\debug\queuemain.obj
c:\users\pablo\desktop\~github\algorithms\eclipsecpp\cpp\cpp\x64\debug\queuedriver.obj
c:\users\pablo\desktop\~github\algorithms\eclipsecpp\cpp\x64\debug\cpp.exe
c:\users\pablo\desktop\~github\algorithms\eclipsecpp\cpp\x64\debug\cpp.pdb
c:\users\pablo\desktop\~github\algorithms\eclipsecpp\cpp\cpp\x64\debug\cpp.ilk
c:\users\pablo\desktop\~github\algorithms\eclipsecpp\cpp\cpp\x64\debug\binarysearchtreedriver.obj
c:\users\pablo\desktop\~github\algorithms\eclipsecpp\cpp\cpp\x64\debug\binarysearchtreemain.obj
c:\users\pablo\desktop\~github\algorithms\eclipsecpp\cpp\cpp\x64\debug\heapdriver.obj
c:\users\pablo\desktop\~github\algorithms\eclipsecpp\cpp\cpp\x64\debug\heapmain.obj
c:\users\pablo\desktop\~github\algorithms\eclipsecpp\cpp\cpp\x64\debug\linkedlistdriver.obj
c:\users\pablo\desktop\~github\algorithms\eclipsecpp\cpp\cpp\x64\debug\linkedlistmain.obj
c:\users\pablo\desktop\~github\algorithms\eclipsecpp\cpp\cpp\x64\debug\stackdriver.obj
c:\users\pablo\desktop\~github\algorithms\eclipsecpp\cpp\cpp\x64\debug\stackmain.obj
c:\users\pablo\desktop\~github\algorithms\eclipsecpp\cpp\cpp\x64\debug\cpp.tlog\cl.command.1.tlog
c:\users\pablo\desktop\~github\algorithms\eclipsecpp\cpp\cpp\x64\debug\cpp.tlog\cl.items.tlog
c:\users\pablo\desktop\~github\algorithms\eclipsecpp\cpp\cpp\x64\debug\cpp.tlog\cl.read.1.tlog
c:\users\pablo\desktop\~github\algorithms\eclipsecpp\cpp\cpp\x64\debug\cpp.tlog\cl.write.1.tlog
c:\users\pablo\desktop\~github\algorithms\eclipsecpp\cpp\cpp\x64\debug\cpp.tlog\link.command.1.tlog
c:\users\pablo\desktop\~github\algorithms\eclipsecpp\cpp\cpp\x64\debug\cpp.tlog\link.read.1.tlog
c:\users\pablo\desktop\~github\algorithms\eclipsecpp\cpp\cpp\x64\debug\cpp.tlog\link.secondary.1.tlog
c:\users\pablo\desktop\~github\algorithms\eclipsecpp\cpp\cpp\x64\debug\cpp.tlog\link.write.1.tlog
